<?xml version="1.0" encoding="UTF-8"?>
<testng-results ignored="0" total="1" passed="1" failed="0" skipped="0">
  <reporter-output>
    <line>
      <![CDATA[No of rows are::11]]>
    </line>
    <line>
      <![CDATA[Add Emp Success::7584     7584]]>
    </line>
    <line>
      <![CDATA[Add Emp Success::7585     7585]]>
    </line>
    <line>
      <![CDATA[Add Emp Success::7586     7586]]>
    </line>
    <line>
      <![CDATA[Add Emp Success::7587     7587]]>
    </line>
    <line>
      <![CDATA[Add Emp Success::7588     7588]]>
    </line>
    <line>
      <![CDATA[Add Emp Success::7589     7589]]>
    </line>
    <line>
      <![CDATA[Add Emp Success::7590     7590]]>
    </line>
    <line>
      <![CDATA[Add Emp Success::7591     7591]]>
    </line>
    <line>
      <![CDATA[Add Emp Success::7592     7592]]>
    </line>
    <line>
      <![CDATA[Add Emp Success::7593     7593]]>
    </line>
    <line>
      <![CDATA[Add Emp Success::7594     7594]]>
    </line>
  </reporter-output>
  <suite started-at="2022-12-29T22:55:13 IST" name="Default suite" finished-at="2022-12-29T22:56:04 IST" duration-ms="50331">
    <groups>
    </groups>
    <test started-at="2022-12-29T22:55:13 IST" name="Default test" finished-at="2022-12-29T22:56:04 IST" duration-ms="50331">
      <class name="driverFactory.Apptest_Emp">
        <test-method is-config="true" signature="setup()[pri:0, instance:driverFactory.Apptest_Emp@57c758ac]" started-at="2022-12-29T22:55:13 IST" name="setup" finished-at="2022-12-29T22:55:29 IST" duration-ms="15779" status="PASS">
          <reporter-output>
          </reporter-output>
        </test-method> <!-- setup -->
        <test-method signature="startTest()[pri:0, instance:driverFactory.Apptest_Emp@57c758ac]" started-at="2022-12-29T22:55:29 IST" name="startTest" finished-at="2022-12-29T22:56:03 IST" duration-ms="33907" status="PASS">
          <reporter-output>
            <line>
              <![CDATA[No of rows are::11]]>
            </line>
            <line>
              <![CDATA[Add Emp Success::7584     7584]]>
            </line>
            <line>
              <![CDATA[Add Emp Success::7585     7585]]>
            </line>
            <line>
              <![CDATA[Add Emp Success::7586     7586]]>
            </line>
            <line>
              <![CDATA[Add Emp Success::7587     7587]]>
            </line>
            <line>
              <![CDATA[Add Emp Success::7588     7588]]>
            </line>
            <line>
              <![CDATA[Add Emp Success::7589     7589]]>
            </line>
            <line>
              <![CDATA[Add Emp Success::7590     7590]]>
            </line>
            <line>
              <![CDATA[Add Emp Success::7591     7591]]>
            </line>
            <line>
              <![CDATA[Add Emp Success::7592     7592]]>
            </line>
            <line>
              <![CDATA[Add Emp Success::7593     7593]]>
            </line>
            <line>
              <![CDATA[Add Emp Success::7594     7594]]>
            </line>
          </reporter-output>
        </test-method> <!-- startTest -->
        <test-method is-config="true" signature="teardown()[pri:0, instance:driverFactory.Apptest_Emp@57c758ac]" started-at="2022-12-29T22:56:03 IST" name="teardown" finished-at="2022-12-29T22:56:04 IST" duration-ms="597" status="PASS">
          <reporter-output>
          </reporter-output>
        </test-method> <!-- teardown -->
      </class> <!-- driverFactory.Apptest_Emp -->
    </test> <!-- Default test -->
  </suite> <!-- Default suite -->
</testng-results>
